Using pre-set license
Built from '2022.3/release' branch; Version is '2022.3.18f1 (d29bea25151d) revision 13802474'; Using compiler version '192829333'; Build Type 'Release'
OS: 'Windows 10  (10.0.19045) 64bit Enterprise' Language: 'fr' Physical Memory: 65257 MB
BatchMode: 1, IsHumanControllingUs: 0, StartBugReporterOnCrash: 0, Is64bit: 1, IsPro: 1

COMMAND LINE ARGUMENTS:
C:\Program Files\Unity\Hub\Editor\2022.3.18f1\Editor\Unity.exe
-adb2
-batchMode
-noUpm
-name
AssetImportWorker5
-projectPath
C:/Users/klegendre/Desktop/VR-Kart-Rush
-logFile
Logs/AssetImportWorker5.log
-srvPort
59464
Successfully changed project path to: C:/Users/klegendre/Desktop/VR-Kart-Rush
C:/Users/klegendre/Desktop/VR-Kart-Rush
[UnityMemory] Configuration Parameters - Can be set up in boot.config
    "memorysetup-bucket-allocator-granularity=16"
    "memorysetup-bucket-allocator-bucket-count=8"
    "memorysetup-bucket-allocator-block-size=33554432"
    "memorysetup-bucket-allocator-block-count=8"
    "memorysetup-main-allocator-block-size=16777216"
    "memorysetup-thread-allocator-block-size=16777216"
    "memorysetup-gfx-main-allocator-block-size=16777216"
    "memorysetup-gfx-thread-allocator-block-size=16777216"
    "memorysetup-cache-allocator-block-size=4194304"
    "memorysetup-typetree-allocator-block-size=2097152"
    "memorysetup-profiler-bucket-allocator-granularity=16"
    "memorysetup-profiler-bucket-allocator-bucket-count=8"
    "memorysetup-profiler-bucket-allocator-block-size=33554432"
    "memorysetup-profiler-bucket-allocator-block-count=8"
    "memorysetup-profiler-allocator-block-size=16777216"
    "memorysetup-profiler-editor-allocator-block-size=1048576"
    "memorysetup-temp-allocator-size-main=16777216"
    "memorysetup-job-temp-allocator-block-size=2097152"
    "memorysetup-job-temp-allocator-block-size-background=1048576"
    "memorysetup-job-temp-allocator-reduction-small-platforms=262144"
    "memorysetup-allocator-temp-initial-block-size-main=262144"
    "memorysetup-allocator-temp-initial-block-size-worker=262144"
    "memorysetup-temp-allocator-size-background-worker=32768"
    "memorysetup-temp-allocator-size-job-worker=262144"
    "memorysetup-temp-allocator-size-preload-manager=33554432"
    "memorysetup-temp-allocator-size-nav-mesh-worker=65536"
    "memorysetup-temp-allocator-size-audio-worker=65536"
    "memorysetup-temp-allocator-size-cloud-worker=32768"
    "memorysetup-temp-allocator-size-gi-baking-worker=262144"
    "memorysetup-temp-allocator-size-gfx=262144"
Player connection [35668] Host "[IP] 172.16.26.18 [Port] 0 [Flags] 2 [Guid] 3915221302 [EditorId] 3915221302 [Version] 1048832 [Id] WindowsEditor(7,R2-2010-08) [Debug] 1 [PackageName] WindowsEditor [ProjectName] Editor" joined multi-casting on [225.0.0.222:54997]...

Player connection [35668] Host "[IP] 172.16.26.18 [Port] 0 [Flags] 2 [Guid] 3915221302 [EditorId] 3915221302 [Version] 1048832 [Id] WindowsEditor(7,R2-2010-08) [Debug] 1 [PackageName] WindowsEditor [ProjectName] Editor" joined alternative multi-casting on [225.0.0.222:34997]...

[Physics::Module] Initialized MultithreadedJobDispatcher with 15 workers.
Refreshing native plugins compatible for Editor in 24.17 ms, found 12 plugins.
Preloading 1 native plugins for Editor in 0.40 ms.
Initialize engine version: 2022.3.18f1 (d29bea25151d)
[Subsystems] Discovering subsystems at path C:/Program Files/Unity/Hub/Editor/2022.3.18f1/Editor/Data/Resources/UnitySubsystems
[Subsystems] Discovering subsystems at path C:/Users/klegendre/Desktop/VR-Kart-Rush/Assets
GfxDevice: creating device client; threaded=0; jobified=0
Direct3D:
    Version:  Direct3D 11.0 [level 11.1]
    Renderer: NVIDIA GeForce RTX 3070 (ID=0x2484)
    Vendor:   NVIDIA
    VRAM:     8031 MB
    Driver:   31.0.15.3699
Initialize mono
Mono path[0] = 'C:/Program Files/Unity/Hub/Editor/2022.3.18f1/Editor/Data/Managed'
Mono path[1] = 'C:/Program Files/Unity/Hub/Editor/2022.3.18f1/Editor/Data/MonoBleedingEdge/lib/mono/unityjit-win32'
Mono config path = 'C:/Program Files/Unity/Hub/Editor/2022.3.18f1/Editor/Data/MonoBleedingEdge/etc'
Using monoOptions --debugger-agent=transport=dt_socket,embedding=1,server=y,suspend=n,address=127.0.0.1:56420
Begin MonoManager ReloadAssembly
Registering precompiled unity dll's ...
Register platform support module: C:/Program Files/Unity/Hub/Editor/2022.3.18f1/Editor/Data/PlaybackEngines/AndroidPlayer/UnityEditor.Android.Extensions.dll
Register platform support module: C:/Program Files/Unity/Hub/Editor/2022.3.18f1/Editor/Data/PlaybackEngines/WindowsStandaloneSupport/UnityEditor.WindowsStandalone.Extensions.dll
Registered in 0.009614 seconds.
- Loaded All Assemblies, in  0.300 seconds
Native extension for WindowsStandalone target not found
Native extension for Android target not found
Android Extension - Scanning For ADB Devices 222 ms
Mono: successfully reloaded assembly
- Finished resetting the current domain, in  0.517 seconds
Domain Reload Profiling: 816ms
	BeginReloadAssembly (94ms)
		ExecutionOrderSort (0ms)
		DisableScriptedObjects (0ms)
		BackupInstance (0ms)
		ReleaseScriptingObjects (0ms)
		CreateAndSetChildDomain (1ms)
	RebuildCommonClasses (29ms)
	RebuildNativeTypeToScriptingClass (8ms)
	initialDomainReloadingComplete (52ms)
	LoadAllAssembliesAndSetupDomain (115ms)
		LoadAssemblies (93ms)
		RebuildTransferFunctionScriptingTraits (0ms)
		AnalyzeDomain (113ms)
			TypeCache.Refresh (112ms)
				TypeCache.ScanAssembly (101ms)
			ScanForSourceGeneratedMonoScriptInfo (0ms)
			ResolveRequiredComponents (1ms)
	FinalizeReload (518ms)
		ReleaseScriptCaches (0ms)
		RebuildScriptCaches (0ms)
		SetupLoadedEditorAssemblies (468ms)
			LogAssemblyErrors (0ms)
			InitializePlatformSupportModulesInManaged (329ms)
			SetLoadedEditorAssemblies (3ms)
			RefreshPlugins (0ms)
			BeforeProcessingInitializeOnLoad (2ms)
			ProcessInitializeOnLoadAttributes (98ms)
			ProcessInitializeOnLoadMethodAttributes (37ms)
			AfterProcessingInitializeOnLoad (0ms)
			EditorAssembliesLoaded (0ms)
		ExecutionOrderSort2 (0ms)
		AwakeInstancesAfterBackupRestoration (0ms)
========================================================================
Worker process is ready to serve import requests
Begin MonoManager ReloadAssembly
- Loaded All Assemblies, in  0.683 seconds
Refreshing native plugins compatible for Editor in 11.30 ms, found 12 plugins.
Native extension for WindowsStandalone target not found
Native extension for Android target not found
Package Manager log level set to [2]
[Package Manager] Server::EnsureServerProcessIsRunning -- launch failed, reason: Unity was launched with the -noUpm command-line argument
[Package Manager] UpmClient::Send -- Unable to send message (not connected to UPM process).
[Package Manager] Cannot connect to Unity Package Manager local server
[Package Manager] Server::EnsureServerProcessIsRunning -- launch failed, reason: Unity was launched with the -noUpm command-line argument
[Package Manager] UpmClient::Send -- Unable to send message (not connected to UPM process).
[Package Manager] Cannot connect to Unity Package Manager local server
System.Reflection.TargetInvocationException: Exception has been thrown by the target of an invocation. ---> System.NullReferenceException: Object reference not set to an instance of an object
  at Unity.XR.Oculus.OculusLoader.AssetPathToAbsolutePath (System.String assetPath) [0x0003d] in .\Library\PackageCache\com.unity.xr.oculus@4.1.2\Runtime\OculusLoader.cs:287 
  at Unity.XR.Oculus.OculusLoader.EditorLoadOVRPlugin () [0x00084] in .\Library\PackageCache\com.unity.xr.oculus@4.1.2\Runtime\OculusLoader.cs:272 
  at (wrapper managed-to-native) System.Reflection.RuntimeMethodInfo.InternalInvoke(System.Reflection.RuntimeMethodInfo,object,object[],System.Exception&)
  at System.Reflection.RuntimeMethodInfo.Invoke (System.Object obj, System.Reflection.BindingFlags invokeAttr, System.Reflection.Binder binder, System.Object[] parameters, System.Globalization.CultureInfo culture) [0x0006a] in <bfbc89a04b6b4dd49c3614d03fc31ce8>:0 
   --- End of inner exception stack trace ---
  at System.Reflection.RuntimeMethodInfo.Invoke (System.Object obj, System.Reflection.BindingFlags invokeAttr, System.Reflection.Binder binder, System.Object[] parameters, System.Globalization.CultureInfo culture) [0x00083] in <bfbc89a04b6b4dd49c3614d03fc31ce8>:0 
  at System.Reflection.MethodBase.Invoke (System.Object obj, System.Object[] parameters) [0x00000] in <bfbc89a04b6b4dd49c3614d03fc31ce8>:0 
  at UnityEditor.EditorAssemblies.ProcessInitializeOnLoadMethodAttributes () [0x000a5] in <8e887700cd7e4674989da7b046e8eaa6>:0 
UnityEngine.StackTraceUtility:ExtractStackTrace ()
UnityEngine.DebugLogHandler:LogFormat (UnityEngine.LogType,UnityEngine.Object,string,object[])
UnityEngine.Logger:Log (UnityEngine.LogType,object)
UnityEngine.Debug:LogError (object)
UnityEditor.EditorAssemblies:ProcessInitializeOnLoadMethodAttributes ()

Mono: successfully reloaded assembly
[Package Manager] Server::EnsureServerProcessIsRunning -- launch failed, reason: Unity was launched with the -noUpm command-line argument
[Package Manager] UpmClient::Send -- Unable to send message (not connected to UPM process).
[Package Manager] Cannot connect to Unity Package Manager local server
[Package Manager] Server::EnsureServerProcessIsRunning -- launch failed, reason: Unity was launched with the -noUpm command-line argument
[Package Manager] UpmClient::Send -- Unable to send message (not connected to UPM process).
[Package Manager] Cannot connect to Unity Package Manager local server
- Finished resetting the current domain, in  0.699 seconds
Domain Reload Profiling: 1378ms
	BeginReloadAssembly (119ms)
		ExecutionOrderSort (0ms)
		DisableScriptedObjects (4ms)
		BackupInstance (0ms)
		ReleaseScriptingObjects (0ms)
		CreateAndSetChildDomain (19ms)
	RebuildCommonClasses (26ms)
	RebuildNativeTypeToScriptingClass (8ms)
	initialDomainReloadingComplete (37ms)
	LoadAllAssembliesAndSetupDomain (489ms)
		LoadAssemblies (301ms)
		RebuildTransferFunctionScriptingTraits (0ms)
		AnalyzeDomain (257ms)
			TypeCache.Refresh (211ms)
				TypeCache.ScanAssembly (194ms)
			ScanForSourceGeneratedMonoScriptInfo (28ms)
			ResolveRequiredComponents (17ms)
	FinalizeReload (699ms)
		ReleaseScriptCaches (0ms)
		RebuildScriptCaches (0ms)
		SetupLoadedEditorAssemblies (530ms)
			LogAssemblyErrors (0ms)
			InitializePlatformSupportModulesInManaged (25ms)
			SetLoadedEditorAssemblies (5ms)
			RefreshPlugins (0ms)
			BeforeProcessingInitializeOnLoad (83ms)
			ProcessInitializeOnLoadAttributes (319ms)
			ProcessInitializeOnLoadMethodAttributes (92ms)
			AfterProcessingInitializeOnLoad (6ms)
			EditorAssembliesLoaded (0ms)
		ExecutionOrderSort2 (0ms)
		AwakeInstancesAfterBackupRestoration (5ms)
Launched and connected shader compiler UnityShaderCompiler.exe after 0.03 seconds
Refreshing native plugins compatible for Editor in 12.01 ms, found 12 plugins.
Preloading 1 native plugins for Editor in 0.05 ms.
Unloading 6363 Unused Serialized files (Serialized files now loaded: 0)
Unloading 113 unused Assets / (370.7 KB). Loaded Objects now: 6846.
Memory consumption went from 240.5 MB to 240.1 MB.
Total: 3.746700 ms (FindLiveObjects: 0.385900 ms CreateObjectMapping: 0.206800 ms MarkObjects: 2.967500 ms  DeleteObjects: 0.185900 ms)

AssetImportParameters requested are different than current active one (requested -> active):
  custom:container-demuxer-ogg: 62fdf1f143b41e24485cea50d1cbac27 -> 
  custom:video-codec-MediaFoundation-h265: 746d11721c4dcdbdad8f713fa42b33f4 -> 
  custom:video-decoder-ogg-theora: a1e56fd34408186e4bbccfd4996cb3dc -> 
  custom:framework-win-MediaFoundation: 216162199b28c13a410421893ffa2e32 -> 
  custom:CustomObjectIndexerAttribute: 62b5816608c3102f162a1797e29626cf -> 
  custom:container-demuxer-webm: 4f35f7cbe854078d1ac9338744f61a02 -> 
  custom:container-muxer-webm: aa71ff27fc2769a1b78a27578f13a17b -> 
  custom:video-decoder-webm-vp8: 9c59270c3fd7afecdb556c50c9e8de78 -> 
  custom:SearchIndexIgnoredProperties: e643bd26f0fe6173181afceb89e7c659 -> 
  custom:AudioImporter_EditorPlatform: d09bf68614088b80899f8185d706f6e7 -> 
  custom:video-encoder-webm-vp8: eb34c28f22e8b96e1ab97ce403110664 -> 
  custom:audio-decoder-ogg-vorbis: bf7c407c2cedff20999df2af8eb42d56 -> 
  custom:audio-encoder-webm-vorbis: bf7c407c2cedff20999df2af8eb42d56 -> 
========================================================================
Received Import Request.
  Time since last request: 244845.455965 seconds.
  path: Assets/Polygonal Mind/Assets/2108_ABMAssetPack/Materials/PlatformPattern_Mat.mat
  artifactKey: Guid(ab311560ee637cb41af9353da69fc624) Importer(815301076,1909f56bfc062723c751e8b465ee728b)
Start importing Assets/Polygonal Mind/Assets/2108_ABMAssetPack/Materials/PlatformPattern_Mat.mat using Guid(ab311560ee637cb41af9353da69fc624) Importer(815301076,1909f56bfc062723c751e8b465ee728b)  -> (artifact id: 'ac0d4e94c1e0b9a93025fe5841cf12c4') in 0.209297 seconds
Number of updated asset objects reloaded before import = 50
Number of asset objects unloaded after import = 3
========================================================================
Received Import Request.
  Time since last request: 43.518035 seconds.
  path: Assets/Polygonal Mind/Assets/2108_ABMAssetPack/Models/CALogo01_Art.fbx
  artifactKey: Guid(e393868c9416c0c4792e502f5b879b40) Importer(815301076,1909f56bfc062723c751e8b465ee728b)
Start importing Assets/Polygonal Mind/Assets/2108_ABMAssetPack/Models/CALogo01_Art.fbx using Guid(e393868c9416c0c4792e502f5b879b40) Importer(815301076,1909f56bfc062723c751e8b465ee728b)  -> (artifact id: '86e3f420afaf65f0b2c9a434cb11fb1d') in 0.138169 seconds
Number of updated asset objects reloaded before import = 0
Number of asset objects unloaded after import = 10
========================================================================
Received Import Request.
  Time since last request: 0.000022 seconds.
  path: Assets/Polygonal Mind/Assets/2108_ABMAssetPack/Models/HexagonLargeVIP04_Art.fbx
  artifactKey: Guid(5ead91effe0f5084ea6b82784e092c83) Importer(815301076,1909f56bfc062723c751e8b465ee728b)
Start importing Assets/Polygonal Mind/Assets/2108_ABMAssetPack/Models/HexagonLargeVIP04_Art.fbx using Guid(5ead91effe0f5084ea6b82784e092c83) Importer(815301076,1909f56bfc062723c751e8b465ee728b)  -> (artifact id: 'd15033512105512a98e45ecde49660fd') in 0.023689 seconds
Number of updated asset objects reloaded before import = 0
Number of asset objects unloaded after import = 11
========================================================================
Received Import Request.
  Time since last request: 0.000023 seconds.
  path: Assets/Polygonal Mind/Assets/2108_ABMAssetPack/Models/HexagonFloorRamp01_Art.fbx
  artifactKey: Guid(5b786b184a089fd49ba0bc2435d18683) Importer(815301076,1909f56bfc062723c751e8b465ee728b)
Start importing Assets/Polygonal Mind/Assets/2108_ABMAssetPack/Models/HexagonFloorRamp01_Art.fbx using Guid(5b786b184a089fd49ba0bc2435d18683) Importer(815301076,1909f56bfc062723c751e8b465ee728b)  -> (artifact id: 'e2247d2b2af17b9e558db8d46fd3dd6f') in 0.020228 seconds
Number of updated asset objects reloaded before import = 0
Number of asset objects unloaded after import = 10
========================================================================
Received Import Request.
  Time since last request: 0.000025 seconds.
  path: Assets/Polygonal Mind/Assets/2108_ABMAssetPack/Models/EntranceDoor02_Art.fbx
  artifactKey: Guid(f5202e575da860b429aafa38617c05d9) Importer(815301076,1909f56bfc062723c751e8b465ee728b)
Start importing Assets/Polygonal Mind/Assets/2108_ABMAssetPack/Models/EntranceDoor02_Art.fbx using Guid(f5202e575da860b429aafa38617c05d9) Importer(815301076,1909f56bfc062723c751e8b465ee728b)  -> (artifact id: '8b2583d18f22447a67f2b1749a2760c0') in 0.019826 seconds
Number of updated asset objects reloaded before import = 0
Number of asset objects unloaded after import = 10
========================================================================
Received Import Request.
  Time since last request: 0.000029 seconds.
  path: Assets/Polygonal Mind/Assets/2108_ABMAssetPack/Models/HexagonLargeVIP01_Art.fbx
  artifactKey: Guid(6f5f497c1e7bfcf48881feaed29e667d) Importer(815301076,1909f56bfc062723c751e8b465ee728b)
Start importing Assets/Polygonal Mind/Assets/2108_ABMAssetPack/Models/HexagonLargeVIP01_Art.fbx using Guid(6f5f497c1e7bfcf48881feaed29e667d) Importer(815301076,1909f56bfc062723c751e8b465ee728b)  -> (artifact id: 'abd520f9f62cdf6b5f9941007d40b326') in 0.025369 seconds
Number of updated asset objects reloaded before import = 0
Number of asset objects unloaded after import = 13
========================================================================
Received Import Request.
  Time since last request: 0.000019 seconds.
  path: Assets/Polygonal Mind/Assets/2108_ABMAssetPack/Models/InfoPanel02_Art.fbx
  artifactKey: Guid(fd83d3fb1c3c35746a0b3b7a26b7a687) Importer(815301076,1909f56bfc062723c751e8b465ee728b)
Start importing Assets/Polygonal Mind/Assets/2108_ABMAssetPack/Models/InfoPanel02_Art.fbx using Guid(fd83d3fb1c3c35746a0b3b7a26b7a687) Importer(815301076,1909f56bfc062723c751e8b465ee728b)  -> (artifact id: '4da476a4446cc96cc224393575b2bc1f') in 0.018450 seconds
Number of updated asset objects reloaded before import = 0
Number of asset objects unloaded after import = 11
========================================================================
Received Import Request.
  Time since last request: 0.000015 seconds.
  path: Assets/Polygonal Mind/Assets/2108_ABMAssetPack/Models/PlatformBarrier01_Art.fbx
  artifactKey: Guid(dd3b4827d7ade5e4f895909a29cdce83) Importer(815301076,1909f56bfc062723c751e8b465ee728b)
Start importing Assets/Polygonal Mind/Assets/2108_ABMAssetPack/Models/PlatformBarrier01_Art.fbx using Guid(dd3b4827d7ade5e4f895909a29cdce83) Importer(815301076,1909f56bfc062723c751e8b465ee728b)  -> (artifact id: '3966a1f65be239cef8c07cb6b3869cac') in 0.018912 seconds
Number of updated asset objects reloaded before import = 0
Number of asset objects unloaded after import = 10
========================================================================
Received Import Request.
  Time since last request: 0.000018 seconds.
  path: Assets/Polygonal Mind/Assets/2108_ABMAssetPack/Models/DomeExtra01_Art.fbx
  artifactKey: Guid(0ee2d38ad5881dc4f8e79bff61ac5ac8) Importer(815301076,1909f56bfc062723c751e8b465ee728b)
Start importing Assets/Polygonal Mind/Assets/2108_ABMAssetPack/Models/DomeExtra01_Art.fbx using Guid(0ee2d38ad5881dc4f8e79bff61ac5ac8) Importer(815301076,1909f56bfc062723c751e8b465ee728b)  -> (artifact id: 'f6f2a1ed14ab819d72ddf60db3fa7d31') in 0.021111 seconds
Number of updated asset objects reloaded before import = 0
Number of asset objects unloaded after import = 14
========================================================================
Received Import Request.
  Time since last request: 0.000023 seconds.
  path: Assets/Polygonal Mind/Assets/2108_ABMAssetPack/Models/Dome03_Art.fbx
  artifactKey: Guid(a90740bdda7152c48b9442d1193cec7a) Importer(815301076,1909f56bfc062723c751e8b465ee728b)
Start importing Assets/Polygonal Mind/Assets/2108_ABMAssetPack/Models/Dome03_Art.fbx using Guid(a90740bdda7152c48b9442d1193cec7a) Importer(815301076,1909f56bfc062723c751e8b465ee728b)  -> (artifact id: 'cd0babe02295276b1de1231860678980') in 0.022277 seconds
Number of updated asset objects reloaded before import = 0
Number of asset objects unloaded after import = 14
========================================================================
Received Import Request.
  Time since last request: 0.000022 seconds.
  path: Assets/Polygonal Mind/Assets/2108_ABMAssetPack/Models/HexagonLargeVIP02_Art.fbx
  artifactKey: Guid(2ee002fb2dc577e44860d0c53dd44b32) Importer(815301076,1909f56bfc062723c751e8b465ee728b)
Start importing Assets/Polygonal Mind/Assets/2108_ABMAssetPack/Models/HexagonLargeVIP02_Art.fbx using Guid(2ee002fb2dc577e44860d0c53dd44b32) Importer(815301076,1909f56bfc062723c751e8b465ee728b)  -> (artifact id: '4d88de285c913de864eaf7cb4ae32946') in 0.020123 seconds
Number of updated asset objects reloaded before import = 0
Number of asset objects unloaded after import = 13
========================================================================
Received Import Request.
  Time since last request: 1.089282 seconds.
  path: Assets/Polygonal Mind/Assets/2108_ABMAssetPack/Prefabs/Dome03_Art.prefab
  artifactKey: Guid(276b1662355aa904e9cfe6ac969fb72c) Importer(815301076,1909f56bfc062723c751e8b465ee728b)
Start importing Assets/Polygonal Mind/Assets/2108_ABMAssetPack/Prefabs/Dome03_Art.prefab using Guid(276b1662355aa904e9cfe6ac969fb72c) Importer(815301076,1909f56bfc062723c751e8b465ee728b)  -> (artifact id: '43276e8f6df2487d06b6756af4f3d690') in 0.013533 seconds
Number of updated asset objects reloaded before import = 0
Number of asset objects unloaded after import = 14
========================================================================
Received Import Request.
  Time since last request: 0.000036 seconds.
  path: Assets/Polygonal Mind/Assets/2108_ABMAssetPack/Prefabs/Dome04_Art.prefab
  artifactKey: Guid(279816bce6451a3418bc14e799fb69c9) Importer(815301076,1909f56bfc062723c751e8b465ee728b)
Start importing Assets/Polygonal Mind/Assets/2108_ABMAssetPack/Prefabs/Dome04_Art.prefab using Guid(279816bce6451a3418bc14e799fb69c9) Importer(815301076,1909f56bfc062723c751e8b465ee728b)  -> (artifact id: '0d928acb085db7b65c96294b4a3bb2e0') in 0.012260 seconds
Number of updated asset objects reloaded before import = 0
Number of asset objects unloaded after import = 14
Editor requested this worker to shutdown with reason: Scaling down because of idle timeout
TcpMessagingSession - receive error: operation aborted. errorcode: 995, details: L’opération d’entrée/sortie a été abandonnée en raison de l’arrêt d’un thread ou à la demande d’une application.
AssetImportWorker is now disconnected from the server
Process exiting
Exiting without the bug reporter. Application will terminate with return code 0