Using pre-set license
Built from '2022.3/release' branch; Version is '2022.3.18f1 (d29bea25151d) revision 13802474'; Using compiler version '192829333'; Build Type 'Release'
OS: 'Windows 10  (10.0.19045) 64bit Enterprise' Language: 'fr' Physical Memory: 65257 MB
BatchMode: 1, IsHumanControllingUs: 0, StartBugReporterOnCrash: 0, Is64bit: 1, IsPro: 1

COMMAND LINE ARGUMENTS:
C:\Program Files\Unity\Hub\Editor\2022.3.18f1\Editor\Unity.exe
-adb2
-batchMode
-noUpm
-name
AssetImportWorker3
-projectPath
C:/Users/klegendre/Desktop/VR-Kart-Rush
-logFile
Logs/AssetImportWorker3.log
-srvPort
59464
Successfully changed project path to: C:/Users/klegendre/Desktop/VR-Kart-Rush
C:/Users/klegendre/Desktop/VR-Kart-Rush
[UnityMemory] Configuration Parameters - Can be set up in boot.config
    "memorysetup-bucket-allocator-granularity=16"
    "memorysetup-bucket-allocator-bucket-count=8"
    "memorysetup-bucket-allocator-block-size=33554432"
    "memorysetup-bucket-allocator-block-count=8"
    "memorysetup-main-allocator-block-size=16777216"
    "memorysetup-thread-allocator-block-size=16777216"
    "memorysetup-gfx-main-allocator-block-size=16777216"
    "memorysetup-gfx-thread-allocator-block-size=16777216"
    "memorysetup-cache-allocator-block-size=4194304"
    "memorysetup-typetree-allocator-block-size=2097152"
    "memorysetup-profiler-bucket-allocator-granularity=16"
    "memorysetup-profiler-bucket-allocator-bucket-count=8"
    "memorysetup-profiler-bucket-allocator-block-size=33554432"
    "memorysetup-profiler-bucket-allocator-block-count=8"
    "memorysetup-profiler-allocator-block-size=16777216"
    "memorysetup-profiler-editor-allocator-block-size=1048576"
    "memorysetup-temp-allocator-size-main=16777216"
    "memorysetup-job-temp-allocator-block-size=2097152"
    "memorysetup-job-temp-allocator-block-size-background=1048576"
    "memorysetup-job-temp-allocator-reduction-small-platforms=262144"
    "memorysetup-allocator-temp-initial-block-size-main=262144"
    "memorysetup-allocator-temp-initial-block-size-worker=262144"
    "memorysetup-temp-allocator-size-background-worker=32768"
    "memorysetup-temp-allocator-size-job-worker=262144"
    "memorysetup-temp-allocator-size-preload-manager=33554432"
    "memorysetup-temp-allocator-size-nav-mesh-worker=65536"
    "memorysetup-temp-allocator-size-audio-worker=65536"
    "memorysetup-temp-allocator-size-cloud-worker=32768"
    "memorysetup-temp-allocator-size-gi-baking-worker=262144"
    "memorysetup-temp-allocator-size-gfx=262144"
Player connection [11280] Host "[IP] 172.16.26.18 [Port] 0 [Flags] 2 [Guid] 3048621712 [EditorId] 3048621712 [Version] 1048832 [Id] WindowsEditor(7,R2-2010-08) [Debug] 1 [PackageName] WindowsEditor [ProjectName] Editor" joined multi-casting on [225.0.0.222:54997]...

Player connection [11280] Host "[IP] 172.16.26.18 [Port] 0 [Flags] 2 [Guid] 3048621712 [EditorId] 3048621712 [Version] 1048832 [Id] WindowsEditor(7,R2-2010-08) [Debug] 1 [PackageName] WindowsEditor [ProjectName] Editor" joined alternative multi-casting on [225.0.0.222:34997]...

[Physics::Module] Initialized MultithreadedJobDispatcher with 15 workers.
Refreshing native plugins compatible for Editor in 22.00 ms, found 12 plugins.
Preloading 1 native plugins for Editor in 0.48 ms.
Initialize engine version: 2022.3.18f1 (d29bea25151d)
[Subsystems] Discovering subsystems at path C:/Program Files/Unity/Hub/Editor/2022.3.18f1/Editor/Data/Resources/UnitySubsystems
[Subsystems] Discovering subsystems at path C:/Users/klegendre/Desktop/VR-Kart-Rush/Assets
GfxDevice: creating device client; threaded=0; jobified=0
Direct3D:
    Version:  Direct3D 11.0 [level 11.1]
    Renderer: NVIDIA GeForce RTX 3070 (ID=0x2484)
    Vendor:   NVIDIA
    VRAM:     8031 MB
    Driver:   31.0.15.3699
Initialize mono
Mono path[0] = 'C:/Program Files/Unity/Hub/Editor/2022.3.18f1/Editor/Data/Managed'
Mono path[1] = 'C:/Program Files/Unity/Hub/Editor/2022.3.18f1/Editor/Data/MonoBleedingEdge/lib/mono/unityjit-win32'
Mono config path = 'C:/Program Files/Unity/Hub/Editor/2022.3.18f1/Editor/Data/MonoBleedingEdge/etc'
Using monoOptions --debugger-agent=transport=dt_socket,embedding=1,server=y,suspend=n,address=127.0.0.1:56632
Begin MonoManager ReloadAssembly
Registering precompiled unity dll's ...
Register platform support module: C:/Program Files/Unity/Hub/Editor/2022.3.18f1/Editor/Data/PlaybackEngines/AndroidPlayer/UnityEditor.Android.Extensions.dll
Register platform support module: C:/Program Files/Unity/Hub/Editor/2022.3.18f1/Editor/Data/PlaybackEngines/WindowsStandaloneSupport/UnityEditor.WindowsStandalone.Extensions.dll
Registered in 0.008984 seconds.
- Loaded All Assemblies, in  0.311 seconds
Native extension for WindowsStandalone target not found
Native extension for Android target not found
Android Extension - Scanning For ADB Devices 230 ms
Mono: successfully reloaded assembly
- Finished resetting the current domain, in  0.548 seconds
Domain Reload Profiling: 859ms
	BeginReloadAssembly (99ms)
		ExecutionOrderSort (0ms)
		DisableScriptedObjects (0ms)
		BackupInstance (0ms)
		ReleaseScriptingObjects (0ms)
		CreateAndSetChildDomain (1ms)
	RebuildCommonClasses (27ms)
	RebuildNativeTypeToScriptingClass (9ms)
	initialDomainReloadingComplete (52ms)
	LoadAllAssembliesAndSetupDomain (123ms)
		LoadAssemblies (98ms)
		RebuildTransferFunctionScriptingTraits (0ms)
		AnalyzeDomain (120ms)
			TypeCache.Refresh (119ms)
				TypeCache.ScanAssembly (109ms)
			ScanForSourceGeneratedMonoScriptInfo (0ms)
			ResolveRequiredComponents (0ms)
	FinalizeReload (549ms)
		ReleaseScriptCaches (0ms)
		RebuildScriptCaches (0ms)
		SetupLoadedEditorAssemblies (501ms)
			LogAssemblyErrors (0ms)
			InitializePlatformSupportModulesInManaged (346ms)
			SetLoadedEditorAssemblies (3ms)
			RefreshPlugins (0ms)
			BeforeProcessingInitializeOnLoad (2ms)
			ProcessInitializeOnLoadAttributes (108ms)
			ProcessInitializeOnLoadMethodAttributes (43ms)
			AfterProcessingInitializeOnLoad (0ms)
			EditorAssembliesLoaded (0ms)
		ExecutionOrderSort2 (0ms)
		AwakeInstancesAfterBackupRestoration (0ms)
========================================================================
Worker process is ready to serve import requests
Begin MonoManager ReloadAssembly
- Loaded All Assemblies, in  0.705 seconds
Refreshing native plugins compatible for Editor in 13.62 ms, found 12 plugins.
Native extension for WindowsStandalone target not found
Native extension for Android target not found
Package Manager log level set to [2]
[Package Manager] Server::EnsureServerProcessIsRunning -- launch failed, reason: Unity was launched with the -noUpm command-line argument
[Package Manager] UpmClient::Send -- Unable to send message (not connected to UPM process).
[Package Manager] Cannot connect to Unity Package Manager local server
[Package Manager] Server::EnsureServerProcessIsRunning -- launch failed, reason: Unity was launched with the -noUpm command-line argument
[Package Manager] UpmClient::Send -- Unable to send message (not connected to UPM process).
[Package Manager] Cannot connect to Unity Package Manager local server
System.Reflection.TargetInvocationException: Exception has been thrown by the target of an invocation. ---> System.NullReferenceException: Object reference not set to an instance of an object
  at Unity.XR.Oculus.OculusLoader.AssetPathToAbsolutePath (System.String assetPath) [0x0003d] in .\Library\PackageCache\com.unity.xr.oculus@4.1.2\Runtime\OculusLoader.cs:287 
  at Unity.XR.Oculus.OculusLoader.EditorLoadOVRPlugin () [0x00084] in .\Library\PackageCache\com.unity.xr.oculus@4.1.2\Runtime\OculusLoader.cs:272 
  at (wrapper managed-to-native) System.Reflection.RuntimeMethodInfo.InternalInvoke(System.Reflection.RuntimeMethodInfo,object,object[],System.Exception&)
  at System.Reflection.RuntimeMethodInfo.Invoke (System.Object obj, System.Reflection.BindingFlags invokeAttr, System.Reflection.Binder binder, System.Object[] parameters, System.Globalization.CultureInfo culture) [0x0006a] in <bfbc89a04b6b4dd49c3614d03fc31ce8>:0 
   --- End of inner exception stack trace ---
  at System.Reflection.RuntimeMethodInfo.Invoke (System.Object obj, System.Reflection.BindingFlags invokeAttr, System.Reflection.Binder binder, System.Object[] parameters, System.Globalization.CultureInfo culture) [0x00083] in <bfbc89a04b6b4dd49c3614d03fc31ce8>:0 
  at System.Reflection.MethodBase.Invoke (System.Object obj, System.Object[] parameters) [0x00000] in <bfbc89a04b6b4dd49c3614d03fc31ce8>:0 
  at UnityEditor.EditorAssemblies.ProcessInitializeOnLoadMethodAttributes () [0x000a5] in <8e887700cd7e4674989da7b046e8eaa6>:0 
UnityEngine.StackTraceUtility:ExtractStackTrace ()
UnityEngine.DebugLogHandler:LogFormat (UnityEngine.LogType,UnityEngine.Object,string,object[])
UnityEngine.Logger:Log (UnityEngine.LogType,object)
UnityEngine.Debug:LogError (object)
UnityEditor.EditorAssemblies:ProcessInitializeOnLoadMethodAttributes ()

Mono: successfully reloaded assembly
[Package Manager] Server::EnsureServerProcessIsRunning -- launch failed, reason: Unity was launched with the -noUpm command-line argument
[Package Manager] UpmClient::Send -- Unable to send message (not connected to UPM process).
[Package Manager] Cannot connect to Unity Package Manager local server
[Package Manager] Server::EnsureServerProcessIsRunning -- launch failed, reason: Unity was launched with the -noUpm command-line argument
[Package Manager] UpmClient::Send -- Unable to send message (not connected to UPM process).
[Package Manager] Cannot connect to Unity Package Manager local server
- Finished resetting the current domain, in  0.730 seconds
Domain Reload Profiling: 1431ms
	BeginReloadAssembly (129ms)
		ExecutionOrderSort (0ms)
		DisableScriptedObjects (5ms)
		BackupInstance (0ms)
		ReleaseScriptingObjects (0ms)
		CreateAndSetChildDomain (20ms)
	RebuildCommonClasses (27ms)
	RebuildNativeTypeToScriptingClass (8ms)
	initialDomainReloadingComplete (37ms)
	LoadAllAssembliesAndSetupDomain (499ms)
		LoadAssemblies (319ms)
		RebuildTransferFunctionScriptingTraits (0ms)
		AnalyzeDomain (255ms)
			TypeCache.Refresh (214ms)
				TypeCache.ScanAssembly (197ms)
			ScanForSourceGeneratedMonoScriptInfo (28ms)
			ResolveRequiredComponents (11ms)
	FinalizeReload (731ms)
		ReleaseScriptCaches (0ms)
		RebuildScriptCaches (0ms)
		SetupLoadedEditorAssemblies (550ms)
			LogAssemblyErrors (0ms)
			InitializePlatformSupportModulesInManaged (23ms)
			SetLoadedEditorAssemblies (4ms)
			RefreshPlugins (0ms)
			BeforeProcessingInitializeOnLoad (90ms)
			ProcessInitializeOnLoadAttributes (334ms)
			ProcessInitializeOnLoadMethodAttributes (88ms)
			AfterProcessingInitializeOnLoad (10ms)
			EditorAssembliesLoaded (0ms)
		ExecutionOrderSort2 (0ms)
		AwakeInstancesAfterBackupRestoration (6ms)
Launched and connected shader compiler UnityShaderCompiler.exe after 0.04 seconds
Refreshing native plugins compatible for Editor in 12.60 ms, found 12 plugins.
Preloading 1 native plugins for Editor in 0.06 ms.
Unloading 6363 Unused Serialized files (Serialized files now loaded: 0)
Unloading 113 unused Assets / (371.8 KB). Loaded Objects now: 6846.
Memory consumption went from 240.5 MB to 240.1 MB.
Total: 3.344900 ms (FindLiveObjects: 0.393000 ms CreateObjectMapping: 0.213600 ms MarkObjects: 2.533700 ms  DeleteObjects: 0.204000 ms)

AssetImportParameters requested are different than current active one (requested -> active):
  custom:container-demuxer-ogg: 62fdf1f143b41e24485cea50d1cbac27 -> 
  custom:video-codec-MediaFoundation-h265: 746d11721c4dcdbdad8f713fa42b33f4 -> 
  custom:video-decoder-ogg-theora: a1e56fd34408186e4bbccfd4996cb3dc -> 
  custom:framework-win-MediaFoundation: 216162199b28c13a410421893ffa2e32 -> 
  custom:CustomObjectIndexerAttribute: 62b5816608c3102f162a1797e29626cf -> 
  custom:container-demuxer-webm: 4f35f7cbe854078d1ac9338744f61a02 -> 
  custom:container-muxer-webm: aa71ff27fc2769a1b78a27578f13a17b -> 
  custom:video-decoder-webm-vp8: 9c59270c3fd7afecdb556c50c9e8de78 -> 
  custom:SearchIndexIgnoredProperties: e643bd26f0fe6173181afceb89e7c659 -> 
  custom:AudioImporter_EditorPlatform: d09bf68614088b80899f8185d706f6e7 -> 
  custom:video-encoder-webm-vp8: eb34c28f22e8b96e1ab97ce403110664 -> 
  custom:audio-decoder-ogg-vorbis: bf7c407c2cedff20999df2af8eb42d56 -> 
  custom:audio-encoder-webm-vorbis: bf7c407c2cedff20999df2af8eb42d56 -> 
========================================================================
Received Import Request.
  Time since last request: 244725.610041 seconds.
  path: Assets/Polygonal Mind/Assets/2108_ABMAssetPack/Materials/SRLogo_Mat.mat
  artifactKey: Guid(0d49d61c22eb4564fac5c510f78fe136) Importer(815301076,1909f56bfc062723c751e8b465ee728b)
Start importing Assets/Polygonal Mind/Assets/2108_ABMAssetPack/Materials/SRLogo_Mat.mat using Guid(0d49d61c22eb4564fac5c510f78fe136) Importer(815301076,1909f56bfc062723c751e8b465ee728b)  -> (artifact id: '9904577a03f8d2123ad1439fd8b0b71a') in 0.255079 seconds
Number of updated asset objects reloaded before import = 0
Number of asset objects unloaded after import = 2
========================================================================
Received Import Request.
  Time since last request: 87.197463 seconds.
  path: Assets/Polygonal Mind/Assets/2108_ABMAssetPack/Prefabs/BranchFlowers01_Art.prefab
  artifactKey: Guid(20670ddc9f515a8418fe037d18b376f0) Importer(815301076,1909f56bfc062723c751e8b465ee728b)
Start importing Assets/Polygonal Mind/Assets/2108_ABMAssetPack/Prefabs/BranchFlowers01_Art.prefab using Guid(20670ddc9f515a8418fe037d18b376f0) Importer(815301076,1909f56bfc062723c751e8b465ee728b)  -> (artifact id: '7ac3feae2e5d6e9352dcb47f82313365') in 0.040023 seconds
Number of updated asset objects reloaded before import = 0
Number of asset objects unloaded after import = 10
========================================================================
Received Import Request.
  Time since last request: 0.000019 seconds.
  path: Assets/Polygonal Mind/Assets/2108_ABMAssetPack/Prefabs/Dome04_Art.prefab
  artifactKey: Guid(279816bce6451a3418bc14e799fb69c9) Importer(815301076,1909f56bfc062723c751e8b465ee728b)
Start importing Assets/Polygonal Mind/Assets/2108_ABMAssetPack/Prefabs/Dome04_Art.prefab using Guid(279816bce6451a3418bc14e799fb69c9) Importer(815301076,1909f56bfc062723c751e8b465ee728b)  -> (artifact id: '930989358a413966b642958f6e27dcee') in 0.038564 seconds
Number of updated asset objects reloaded before import = 0
Number of asset objects unloaded after import = 13
========================================================================
Received Import Request.
  Time since last request: 0.000036 seconds.
  path: Assets/Polygonal Mind/Assets/2108_ABMAssetPack/Prefabs/Dome01_Art.prefab
  artifactKey: Guid(58769ee31894b1e4880ea9c6ffb02a4d) Importer(815301076,1909f56bfc062723c751e8b465ee728b)
Start importing Assets/Polygonal Mind/Assets/2108_ABMAssetPack/Prefabs/Dome01_Art.prefab using Guid(58769ee31894b1e4880ea9c6ffb02a4d) Importer(815301076,1909f56bfc062723c751e8b465ee728b)  -> (artifact id: '5ddbf9ed83f3a3702c9dc8852fe1b6bd') in 0.020622 seconds
Number of updated asset objects reloaded before import = 0
Number of asset objects unloaded after import = 13
========================================================================
Received Import Request.
  Time since last request: 0.000028 seconds.
  path: Assets/Polygonal Mind/Assets/2108_ABMAssetPack/Prefabs/HexagonFloorLarge01_Art.prefab
  artifactKey: Guid(719be6b11206bc04ba3d7bacfffe1aea) Importer(815301076,1909f56bfc062723c751e8b465ee728b)
Start importing Assets/Polygonal Mind/Assets/2108_ABMAssetPack/Prefabs/HexagonFloorLarge01_Art.prefab using Guid(719be6b11206bc04ba3d7bacfffe1aea) Importer(815301076,1909f56bfc062723c751e8b465ee728b)  -> (artifact id: '78c89f2ff4ea56f1673d4d9230947ac5') in 0.018180 seconds
Number of updated asset objects reloaded before import = 0
Number of asset objects unloaded after import = 11
========================================================================
Received Import Request.
  Time since last request: 0.000016 seconds.
  path: Assets/Polygonal Mind/Assets/2108_ABMAssetPack/Prefabs/HexagonFloorSmall01_Art.prefab
  artifactKey: Guid(cce1d47e0e310cb4597b3071cc48905d) Importer(815301076,1909f56bfc062723c751e8b465ee728b)
Start importing Assets/Polygonal Mind/Assets/2108_ABMAssetPack/Prefabs/HexagonFloorSmall01_Art.prefab using Guid(cce1d47e0e310cb4597b3071cc48905d) Importer(815301076,1909f56bfc062723c751e8b465ee728b)  -> (artifact id: '6f8abac6ad2f575f383b2af384349b55') in 0.019696 seconds
Number of updated asset objects reloaded before import = 0
Number of asset objects unloaded after import = 11
========================================================================
Received Import Request.
  Time since last request: 0.000019 seconds.
  path: Assets/Polygonal Mind/Assets/2108_ABMAssetPack/Prefabs/HoloPot01_Art.prefab
  artifactKey: Guid(5fcd697d6e0a34f49a50901a2bec3159) Importer(815301076,1909f56bfc062723c751e8b465ee728b)
Start importing Assets/Polygonal Mind/Assets/2108_ABMAssetPack/Prefabs/HoloPot01_Art.prefab using Guid(5fcd697d6e0a34f49a50901a2bec3159) Importer(815301076,1909f56bfc062723c751e8b465ee728b)  -> (artifact id: '5a7e4218247fac5bd3a455321912391e') in 0.016602 seconds
Number of updated asset objects reloaded before import = 0
Number of asset objects unloaded after import = 10
========================================================================
Received Import Request.
  Time since last request: 0.000031 seconds.
  path: Assets/Polygonal Mind/Assets/2108_ABMAssetPack/Prefabs/HoloTree01_Art.prefab
  artifactKey: Guid(f362fdb14e67a5b4f8ee4e7747a8a0a2) Importer(815301076,1909f56bfc062723c751e8b465ee728b)
Start importing Assets/Polygonal Mind/Assets/2108_ABMAssetPack/Prefabs/HoloTree01_Art.prefab using Guid(f362fdb14e67a5b4f8ee4e7747a8a0a2) Importer(815301076,1909f56bfc062723c751e8b465ee728b)  -> (artifact id: '09b210b05d8b009ad4c1b85c26a09d9b') in 0.018784 seconds
Number of updated asset objects reloaded before import = 0
Number of asset objects unloaded after import = 17
========================================================================
Received Import Request.
  Time since last request: 0.000017 seconds.
  path: Assets/Polygonal Mind/Assets/2108_ABMAssetPack/Prefabs/Platform01_Art.prefab
  artifactKey: Guid(8f5e4e77520901143afe4ad16c1b0917) Importer(815301076,1909f56bfc062723c751e8b465ee728b)
Start importing Assets/Polygonal Mind/Assets/2108_ABMAssetPack/Prefabs/Platform01_Art.prefab using Guid(8f5e4e77520901143afe4ad16c1b0917) Importer(815301076,1909f56bfc062723c751e8b465ee728b)  -> (artifact id: '83097679e02ba5fa06193e68711612c3') in 0.035642 seconds
Number of updated asset objects reloaded before import = 0
Number of asset objects unloaded after import = 23
========================================================================
Received Import Request.
  Time since last request: 0.000018 seconds.
  path: Assets/Polygonal Mind/Assets/2108_ABMAssetPack/Prefabs/PlatformBarrier01_Art.prefab
  artifactKey: Guid(fc6f25c8456768b47a9f930d1a20fd1f) Importer(815301076,1909f56bfc062723c751e8b465ee728b)
Start importing Assets/Polygonal Mind/Assets/2108_ABMAssetPack/Prefabs/PlatformBarrier01_Art.prefab using Guid(fc6f25c8456768b47a9f930d1a20fd1f) Importer(815301076,1909f56bfc062723c751e8b465ee728b)  -> (artifact id: 'ddb996eb14f3a5399433494b516888cb') in 0.017736 seconds
Number of updated asset objects reloaded before import = 0
Number of asset objects unloaded after import = 10
========================================================================
Received Import Request.
  Time since last request: 0.000018 seconds.
  path: Assets/Polygonal Mind/Assets/2108_ABMAssetPack/Prefabs/Petals01_Art.prefab
  artifactKey: Guid(faea105170f0e4e46808d62324c08664) Importer(815301076,1909f56bfc062723c751e8b465ee728b)
Start importing Assets/Polygonal Mind/Assets/2108_ABMAssetPack/Prefabs/Petals01_Art.prefab using Guid(faea105170f0e4e46808d62324c08664) Importer(815301076,1909f56bfc062723c751e8b465ee728b)  -> (artifact id: '198bdabecf09f516f10f818b53795611') in 0.018657 seconds
Number of updated asset objects reloaded before import = 0
Number of asset objects unloaded after import = 10
========================================================================
Received Import Request.
  Time since last request: 0.000017 seconds.
  path: Assets/Polygonal Mind/Assets/2108_ABMAssetPack/Prefabs/ParticlesEmitter01_Art.prefab
  artifactKey: Guid(189737965e262034ca7057c6ca21deb9) Importer(815301076,1909f56bfc062723c751e8b465ee728b)
Start importing Assets/Polygonal Mind/Assets/2108_ABMAssetPack/Prefabs/ParticlesEmitter01_Art.prefab using Guid(189737965e262034ca7057c6ca21deb9) Importer(815301076,1909f56bfc062723c751e8b465ee728b)  -> (artifact id: 'fdd31e41200e0407189770240c7556f4') in 0.017781 seconds
Number of updated asset objects reloaded before import = 0
Number of asset objects unloaded after import = 10
========================================================================
Received Import Request.
  Time since last request: 0.000023 seconds.
  path: Assets/Polygonal Mind/Assets/2108_ABMAssetPack/Prefabs/Dome03_Art.prefab
  artifactKey: Guid(276b1662355aa904e9cfe6ac969fb72c) Importer(815301076,1909f56bfc062723c751e8b465ee728b)
Start importing Assets/Polygonal Mind/Assets/2108_ABMAssetPack/Prefabs/Dome03_Art.prefab using Guid(276b1662355aa904e9cfe6ac969fb72c) Importer(815301076,1909f56bfc062723c751e8b465ee728b)  -> (artifact id: '05b3cb82c824b716cf313682afa1afe7') in 0.019401 seconds
Number of updated asset objects reloaded before import = 0
Number of asset objects unloaded after import = 13
========================================================================
Received Import Request.
  Time since last request: 0.000019 seconds.
  path: Assets/Polygonal Mind/Assets/2108_ABMAssetPack/Prefabs/MomusLogo01_Art.prefab
  artifactKey: Guid(ee9d1cd6253a00e4d9da748175c264dd) Importer(815301076,1909f56bfc062723c751e8b465ee728b)
Start importing Assets/Polygonal Mind/Assets/2108_ABMAssetPack/Prefabs/MomusLogo01_Art.prefab using Guid(ee9d1cd6253a00e4d9da748175c264dd) Importer(815301076,1909f56bfc062723c751e8b465ee728b)  -> (artifact id: '872392f99eea3722f6dcaf3f6889e8f2') in 0.017731 seconds
Number of updated asset objects reloaded before import = 0
Number of asset objects unloaded after import = 10
========================================================================
Received Import Request.
  Time since last request: 0.000022 seconds.
  path: Assets/Polygonal Mind/Assets/2108_ABMAssetPack/Prefabs/EntranceDoor02_Art.prefab
  artifactKey: Guid(c836c9cf6010db14aae345bdcff965ea) Importer(815301076,1909f56bfc062723c751e8b465ee728b)
Start importing Assets/Polygonal Mind/Assets/2108_ABMAssetPack/Prefabs/EntranceDoor02_Art.prefab using Guid(c836c9cf6010db14aae345bdcff965ea) Importer(815301076,1909f56bfc062723c751e8b465ee728b)  -> (artifact id: '0c81a6b4e44a791dec42f38bbd18af19') in 0.018645 seconds
Number of updated asset objects reloaded before import = 0
Number of asset objects unloaded after import = 10
========================================================================
Received Import Request.
  Time since last request: 0.000027 seconds.
  path: Assets/Polygonal Mind/Assets/2108_ABMAssetPack/Prefabs/FloorPanel04_Art.prefab
  artifactKey: Guid(40908b987126bb24da6a908bec08975f) Importer(815301076,1909f56bfc062723c751e8b465ee728b)
Start importing Assets/Polygonal Mind/Assets/2108_ABMAssetPack/Prefabs/FloorPanel04_Art.prefab using Guid(40908b987126bb24da6a908bec08975f) Importer(815301076,1909f56bfc062723c751e8b465ee728b)  -> (artifact id: '765d28edba0e467c02ae377075300917') in 0.017655 seconds
Number of updated asset objects reloaded before import = 0
Number of asset objects unloaded after import = 11
========================================================================
Received Import Request.
  Time since last request: 0.000025 seconds.
  path: Assets/Polygonal Mind/Assets/2108_ABMAssetPack/Prefabs/Bush01_Art.prefab
  artifactKey: Guid(0d47fa3945276b64db812cda137b827c) Importer(815301076,1909f56bfc062723c751e8b465ee728b)
Start importing Assets/Polygonal Mind/Assets/2108_ABMAssetPack/Prefabs/Bush01_Art.prefab using Guid(0d47fa3945276b64db812cda137b827c) Importer(815301076,1909f56bfc062723c751e8b465ee728b)  -> (artifact id: '71cbe98b9401676ae5390a0d1f84ccb8') in 0.016684 seconds
Number of updated asset objects reloaded before import = 0
Number of asset objects unloaded after import = 10
========================================================================
Received Import Request.
  Time since last request: 0.000018 seconds.
  path: Assets/Polygonal Mind/Assets/2108_ABMAssetPack/Prefabs/Dome02_Art.prefab
  artifactKey: Guid(3bf67d5c68c953040aee88477568b424) Importer(815301076,1909f56bfc062723c751e8b465ee728b)
Start importing Assets/Polygonal Mind/Assets/2108_ABMAssetPack/Prefabs/Dome02_Art.prefab using Guid(3bf67d5c68c953040aee88477568b424) Importer(815301076,1909f56bfc062723c751e8b465ee728b)  -> (artifact id: '8fc807e90fb6dd683d803804ea99c0d9') in 0.018820 seconds
Number of updated asset objects reloaded before import = 0
Number of asset objects unloaded after import = 13
========================================================================
Received Import Request.
  Time since last request: 0.000019 seconds.
  path: Assets/Polygonal Mind/Assets/2108_ABMAssetPack/Prefabs/FloorPanel01_Art.prefab
  artifactKey: Guid(fa7d7c3d47e77e64e9fa742eea255824) Importer(815301076,1909f56bfc062723c751e8b465ee728b)
Start importing Assets/Polygonal Mind/Assets/2108_ABMAssetPack/Prefabs/FloorPanel01_Art.prefab using Guid(fa7d7c3d47e77e64e9fa742eea255824) Importer(815301076,1909f56bfc062723c751e8b465ee728b)  -> (artifact id: '3d10ed5feb5771d9ede15911ef1147ec') in 0.020211 seconds
Number of updated asset objects reloaded before import = 0
Number of asset objects unloaded after import = 11
========================================================================
Received Import Request.
  Time since last request: 0.000017 seconds.
  path: Assets/Polygonal Mind/Assets/2108_ABMAssetPack/Prefabs/OSLogo01_Art.prefab
  artifactKey: Guid(3a6003cb6eed99a4da252e49a586d9d1) Importer(815301076,1909f56bfc062723c751e8b465ee728b)
Start importing Assets/Polygonal Mind/Assets/2108_ABMAssetPack/Prefabs/OSLogo01_Art.prefab using Guid(3a6003cb6eed99a4da252e49a586d9d1) Importer(815301076,1909f56bfc062723c751e8b465ee728b)  -> (artifact id: '3642dff576c198b9efb98ec71e5ee6c7') in 0.020798 seconds
Number of updated asset objects reloaded before import = 0
Number of asset objects unloaded after import = 9
========================================================================
Received Import Request.
  Time since last request: 0.000019 seconds.
  path: Assets/Polygonal Mind/Assets/2108_ABMAssetPack/Prefabs/Gong01_Art.prefab
  artifactKey: Guid(9309df1a5676d4649831caec65244fab) Importer(815301076,1909f56bfc062723c751e8b465ee728b)
Start importing Assets/Polygonal Mind/Assets/2108_ABMAssetPack/Prefabs/Gong01_Art.prefab using Guid(9309df1a5676d4649831caec65244fab) Importer(815301076,1909f56bfc062723c751e8b465ee728b)  -> (artifact id: '3019febeb2dfbef473f71a627f58c4b7') in 0.017622 seconds
Number of updated asset objects reloaded before import = 0
Number of asset objects unloaded after import = 10
========================================================================
Received Import Request.
  Time since last request: 31.796878 seconds.
  path: Assets/Polygonal Mind/Assets/2108_ABMAssetPack/Materials/HoloTree_Mat.mat
  artifactKey: Guid(f2b771beb86c7e74f9047e2c2a771729) Importer(815301076,1909f56bfc062723c751e8b465ee728b)
Start importing Assets/Polygonal Mind/Assets/2108_ABMAssetPack/Materials/HoloTree_Mat.mat using Guid(f2b771beb86c7e74f9047e2c2a771729) Importer(815301076,1909f56bfc062723c751e8b465ee728b)  -> (artifact id: 'e86e563bdf9da7c8424f869cff106c58') in 0.012806 seconds
Number of updated asset objects reloaded before import = 50
Number of asset objects unloaded after import = 5
========================================================================
Received Import Request.
  Time since last request: 43.724864 seconds.
  path: Assets/Polygonal Mind/Assets/2108_ABMAssetPack/Models/Bush01_Art.fbx
  artifactKey: Guid(720e6a2df51085c48bb0d9370d52d4b2) Importer(815301076,1909f56bfc062723c751e8b465ee728b)
Start importing Assets/Polygonal Mind/Assets/2108_ABMAssetPack/Models/Bush01_Art.fbx using Guid(720e6a2df51085c48bb0d9370d52d4b2) Importer(815301076,1909f56bfc062723c751e8b465ee728b)  -> (artifact id: '04a74d1a33c28c5221c75a13c9db84af') in 0.131109 seconds
Number of updated asset objects reloaded before import = 0
Number of asset objects unloaded after import = 10
========================================================================
Received Import Request.
  Time since last request: 0.000032 seconds.
  path: Assets/Polygonal Mind/Assets/2108_ABMAssetPack/Models/Dome04_Art.fbx
  artifactKey: Guid(98f043a7fe803b64c9c7a5cd5ea07feb) Importer(815301076,1909f56bfc062723c751e8b465ee728b)
Start importing Assets/Polygonal Mind/Assets/2108_ABMAssetPack/Models/Dome04_Art.fbx using Guid(98f043a7fe803b64c9c7a5cd5ea07feb) Importer(815301076,1909f56bfc062723c751e8b465ee728b)  -> (artifact id: '4180a30bbe6ca1393685c68d4dac3c9f') in 0.022284 seconds
Number of updated asset objects reloaded before import = 0
Number of asset objects unloaded after import = 14
========================================================================
Received Import Request.
  Time since last request: 0.000030 seconds.
  path: Assets/Polygonal Mind/Assets/2108_ABMAssetPack/Models/HoloBush03_Art.fbx
  artifactKey: Guid(6d1d67f6d217f8a4c9ae0feea1390513) Importer(815301076,1909f56bfc062723c751e8b465ee728b)
Start importing Assets/Polygonal Mind/Assets/2108_ABMAssetPack/Models/HoloBush03_Art.fbx using Guid(6d1d67f6d217f8a4c9ae0feea1390513) Importer(815301076,1909f56bfc062723c751e8b465ee728b)  -> (artifact id: '5445084e12ab84cfb98c87a57b31cee5') in 0.016439 seconds
Number of updated asset objects reloaded before import = 0
Number of asset objects unloaded after import = 10
========================================================================
Received Import Request.
  Time since last request: 0.000028 seconds.
  path: Assets/Polygonal Mind/Assets/2108_ABMAssetPack/Models/Dome01_Art.fbx
  artifactKey: Guid(efb8b662e4e04af46b863fc31573f536) Importer(815301076,1909f56bfc062723c751e8b465ee728b)
Start importing Assets/Polygonal Mind/Assets/2108_ABMAssetPack/Models/Dome01_Art.fbx using Guid(efb8b662e4e04af46b863fc31573f536) Importer(815301076,1909f56bfc062723c751e8b465ee728b)  -> (artifact id: '8fc00f9445d2b24b64b649be276cc966') in 0.020985 seconds
Number of updated asset objects reloaded before import = 0
Number of asset objects unloaded after import = 14
========================================================================
Received Import Request.
  Time since last request: 0.000018 seconds.
  path: Assets/Polygonal Mind/Assets/2108_ABMAssetPack/Models/HexagonFloorMedium01_Art.fbx
  artifactKey: Guid(abe85c37508141445b8e00f303198366) Importer(815301076,1909f56bfc062723c751e8b465ee728b)
Start importing Assets/Polygonal Mind/Assets/2108_ABMAssetPack/Models/HexagonFloorMedium01_Art.fbx using Guid(abe85c37508141445b8e00f303198366) Importer(815301076,1909f56bfc062723c751e8b465ee728b)  -> (artifact id: '09d49a40fe8cc3fdd6c37e8d4bca3cfe') in 0.017955 seconds
Number of updated asset objects reloaded before import = 0
Number of asset objects unloaded after import = 11
========================================================================
Received Import Request.
  Time since last request: 0.000020 seconds.
  path: Assets/Polygonal Mind/Assets/2108_ABMAssetPack/Models/HoloPot01_Art.fbx
  artifactKey: Guid(d2e739f202edcfb4c849810ff50f6756) Importer(815301076,1909f56bfc062723c751e8b465ee728b)
Start importing Assets/Polygonal Mind/Assets/2108_ABMAssetPack/Models/HoloPot01_Art.fbx using Guid(d2e739f202edcfb4c849810ff50f6756) Importer(815301076,1909f56bfc062723c751e8b465ee728b)  -> (artifact id: 'd2c9a6897029cb06fe2075d5b13662e0') in 0.019025 seconds
Number of updated asset objects reloaded before import = 0
Number of asset objects unloaded after import = 10
========================================================================
Received Import Request.
  Time since last request: 0.000018 seconds.
  path: Assets/Polygonal Mind/Assets/2108_ABMAssetPack/Models/OSLogo01_Art.fbx
  artifactKey: Guid(2b8c0f55afbf7ff4c898baf1fb492c20) Importer(815301076,1909f56bfc062723c751e8b465ee728b)
Start importing Assets/Polygonal Mind/Assets/2108_ABMAssetPack/Models/OSLogo01_Art.fbx using Guid(2b8c0f55afbf7ff4c898baf1fb492c20) Importer(815301076,1909f56bfc062723c751e8b465ee728b)  -> (artifact id: 'e96e5ab18a2d38c576ad73549ba91d39') in 0.016447 seconds
Number of updated asset objects reloaded before import = 0
Number of asset objects unloaded after import = 9
========================================================================
Received Import Request.
  Time since last request: 0.000016 seconds.
  path: Assets/Polygonal Mind/Assets/2108_ABMAssetPack/Models/InfoPanel01_Art.fbx
  artifactKey: Guid(fe2b280f649cff1418236756caa50c21) Importer(815301076,1909f56bfc062723c751e8b465ee728b)
Start importing Assets/Polygonal Mind/Assets/2108_ABMAssetPack/Models/InfoPanel01_Art.fbx using Guid(fe2b280f649cff1418236756caa50c21) Importer(815301076,1909f56bfc062723c751e8b465ee728b)  -> (artifact id: 'd84b94d95260926dfea401ee418aaa1d') in 0.023282 seconds
Number of updated asset objects reloaded before import = 0
Number of asset objects unloaded after import = 13
========================================================================
Received Import Request.
  Time since last request: 0.000022 seconds.
  path: Assets/Polygonal Mind/Assets/2108_ABMAssetPack/Models/Petals02_Art.fbx
  artifactKey: Guid(32c3084d286eb3844a77803678c4c2ae) Importer(815301076,1909f56bfc062723c751e8b465ee728b)
Start importing Assets/Polygonal Mind/Assets/2108_ABMAssetPack/Models/Petals02_Art.fbx using Guid(32c3084d286eb3844a77803678c4c2ae) Importer(815301076,1909f56bfc062723c751e8b465ee728b)  -> (artifact id: 'bf07b6d1b5537f78dd837c9ef0e16c4f') in 0.017863 seconds
Number of updated asset objects reloaded before import = 0
Number of asset objects unloaded after import = 10
========================================================================
Received Import Request.
  Time since last request: 0.000019 seconds.
  path: Assets/Polygonal Mind/Assets/2108_ABMAssetPack/Models/FloorPanel01_Art.fbx
  artifactKey: Guid(1418426044b3d3b4c9b609817121c237) Importer(815301076,1909f56bfc062723c751e8b465ee728b)
Start importing Assets/Polygonal Mind/Assets/2108_ABMAssetPack/Models/FloorPanel01_Art.fbx using Guid(1418426044b3d3b4c9b609817121c237) Importer(815301076,1909f56bfc062723c751e8b465ee728b)  -> (artifact id: 'd90efae1293e13c9e1d1834975bd4da7') in 0.021075 seconds
Number of updated asset objects reloaded before import = 0
Number of asset objects unloaded after import = 11
========================================================================
Received Import Request.
  Time since last request: 0.000020 seconds.
  path: Assets/Polygonal Mind/Assets/2108_ABMAssetPack/Models/Petals01_Art.fbx
  artifactKey: Guid(2404d0003f8e32141bd8b7b7b8a4cc5d) Importer(815301076,1909f56bfc062723c751e8b465ee728b)
Start importing Assets/Polygonal Mind/Assets/2108_ABMAssetPack/Models/Petals01_Art.fbx using Guid(2404d0003f8e32141bd8b7b7b8a4cc5d) Importer(815301076,1909f56bfc062723c751e8b465ee728b)  -> (artifact id: '1bc7306309197cbf2022fbefdd4ca55f') in 0.018715 seconds
Number of updated asset objects reloaded before import = 0
Number of asset objects unloaded after import = 10
========================================================================
Received Import Request.
  Time since last request: 1.088589 seconds.
  path: Assets/Polygonal Mind/Assets/2108_ABMAssetPack/Prefabs/Dome02_Art.prefab
  artifactKey: Guid(3bf67d5c68c953040aee88477568b424) Importer(815301076,1909f56bfc062723c751e8b465ee728b)
Start importing Assets/Polygonal Mind/Assets/2108_ABMAssetPack/Prefabs/Dome02_Art.prefab using Guid(3bf67d5c68c953040aee88477568b424) Importer(815301076,1909f56bfc062723c751e8b465ee728b)  -> (artifact id: 'bc2c0499577e914ef84db56007e73210') in 0.018682 seconds
Number of updated asset objects reloaded before import = 0
Number of asset objects unloaded after import = 14
========================================================================
Received Import Request.
  Time since last request: 0.000019 seconds.
  path: Assets/Polygonal Mind/Assets/2108_ABMAssetPack/Prefabs/DomeExtra01_Art.prefab
  artifactKey: Guid(74b9f31372734e949bfb791eafe5b8c5) Importer(815301076,1909f56bfc062723c751e8b465ee728b)
Start importing Assets/Polygonal Mind/Assets/2108_ABMAssetPack/Prefabs/DomeExtra01_Art.prefab using Guid(74b9f31372734e949bfb791eafe5b8c5) Importer(815301076,1909f56bfc062723c751e8b465ee728b)  -> (artifact id: '6a42ddb48a3ca60d63cfb43696bbb5eb') in 0.011449 seconds
Number of updated asset objects reloaded before import = 0
Number of asset objects unloaded after import = 14
========================================================================
Received Import Request.
  Time since last request: 89.657403 seconds.
  path: Assets/Polygonal Mind/Assets/2108_ABMAssetPack/Prefabs/Sakura01_Art.prefab
  artifactKey: Guid(0528cf46e3928694fa53fa4f2fe78bfd) Importer(815301076,1909f56bfc062723c751e8b465ee728b)
Start importing Assets/Polygonal Mind/Assets/2108_ABMAssetPack/Prefabs/Sakura01_Art.prefab using Guid(0528cf46e3928694fa53fa4f2fe78bfd) Importer(815301076,1909f56bfc062723c751e8b465ee728b)  -> (artifact id: '4a7405ecfba80a8a0fd9eef1c19e9686') in 0.017935 seconds
Number of updated asset objects reloaded before import = 0
Number of asset objects unloaded after import = 12
========================================================================
Received Import Request.
  Time since last request: 0.000034 seconds.
  path: Assets/Polygonal Mind/Assets/2108_ABMAssetPack/Prefabs/SignbookArrowRight01_Art.prefab
  artifactKey: Guid(9b061a737d615e14ca11ea297fd96323) Importer(815301076,1909f56bfc062723c751e8b465ee728b)
Start importing Assets/Polygonal Mind/Assets/2108_ABMAssetPack/Prefabs/SignbookArrowRight01_Art.prefab using Guid(9b061a737d615e14ca11ea297fd96323) Importer(815301076,1909f56bfc062723c751e8b465ee728b)  -> (artifact id: '24447b031c9965f001d6bb8340183310') in 0.018843 seconds
Number of updated asset objects reloaded before import = 0
Number of asset objects unloaded after import = 10
========================================================================
Received Import Request.
  Time since last request: 0.000026 seconds.
  path: Assets/Polygonal Mind/Assets/2108_ABMAssetPack/Prefabs/SocialsHolder01_Art.prefab
  artifactKey: Guid(64898eba84f116c4fb454868e974e34a) Importer(815301076,1909f56bfc062723c751e8b465ee728b)
Start importing Assets/Polygonal Mind/Assets/2108_ABMAssetPack/Prefabs/SocialsHolder01_Art.prefab using Guid(64898eba84f116c4fb454868e974e34a) Importer(815301076,1909f56bfc062723c751e8b465ee728b)  -> (artifact id: 'f58cb81dceb41edaae8b96e5c8403e84') in 0.018678 seconds
Number of updated asset objects reloaded before import = 0
Number of asset objects unloaded after import = 10
========================================================================
Received Import Request.
  Time since last request: 0.000026 seconds.
  path: Assets/Polygonal Mind/Assets/2108_ABMAssetPack/Prefabs/SignbookBoard01_Art.prefab
  artifactKey: Guid(d7a4469f39bab4c44a8905a77ced070c) Importer(815301076,1909f56bfc062723c751e8b465ee728b)
Start importing Assets/Polygonal Mind/Assets/2108_ABMAssetPack/Prefabs/SignbookBoard01_Art.prefab using Guid(d7a4469f39bab4c44a8905a77ced070c) Importer(815301076,1909f56bfc062723c751e8b465ee728b)  -> (artifact id: 'fdf47480e6b9527c1909693e4f7f0b37') in 0.017780 seconds
Number of updated asset objects reloaded before import = 0
Number of asset objects unloaded after import = 10
========================================================================
Received Import Request.
  Time since last request: 2.544921 seconds.
  path: Assets/Polygonal Mind/Assets/2108_ABMAssetPack/Prefabs/Sphere02_Art.prefab
  artifactKey: Guid(049ff3c2289e505419cc36ef587fac82) Importer(815301076,1909f56bfc062723c751e8b465ee728b)
Start importing Assets/Polygonal Mind/Assets/2108_ABMAssetPack/Prefabs/Sphere02_Art.prefab using Guid(049ff3c2289e505419cc36ef587fac82) Importer(815301076,1909f56bfc062723c751e8b465ee728b)  -> (artifact id: '0ba2df9cf6acb5d961cb9a63cb6dc6d8') in 0.019407 seconds
Number of updated asset objects reloaded before import = 0
Number of asset objects unloaded after import = 12
========================================================================
Received Import Request.
  Time since last request: 0.000031 seconds.
  path: Assets/Polygonal Mind/Assets/2108_ABMAssetPack/Prefabs/TeleporterVIP01_Art.prefab
  artifactKey: Guid(3f9e2559cc918fe488dd05513bab46f2) Importer(815301076,1909f56bfc062723c751e8b465ee728b)
Start importing Assets/Polygonal Mind/Assets/2108_ABMAssetPack/Prefabs/TeleporterVIP01_Art.prefab using Guid(3f9e2559cc918fe488dd05513bab46f2) Importer(815301076,1909f56bfc062723c751e8b465ee728b)  -> (artifact id: '181b3981bba4030c6eb6032160d7e935') in 0.020790 seconds
Number of updated asset objects reloaded before import = 0
Number of asset objects unloaded after import = 15
========================================================================
Received Import Request.
  Time since last request: 0.000020 seconds.
  path: Assets/Polygonal Mind/Assets/2108_ABMAssetPack/Prefabs/Sphere03_Art.prefab
  artifactKey: Guid(46c41e133811f5c439162290091eda3a) Importer(815301076,1909f56bfc062723c751e8b465ee728b)
Start importing Assets/Polygonal Mind/Assets/2108_ABMAssetPack/Prefabs/Sphere03_Art.prefab using Guid(46c41e133811f5c439162290091eda3a) Importer(815301076,1909f56bfc062723c751e8b465ee728b)  -> (artifact id: '4b77a202c04479e901717cf880cf0429') in 0.016470 seconds
Number of updated asset objects reloaded before import = 0
Number of asset objects unloaded after import = 12
========================================================================
Received Import Request.
  Time since last request: 0.000031 seconds.
  path: Assets/Polygonal Mind/Assets/2108_ABMAssetPack/Prefabs/Tree01_Art.prefab
  artifactKey: Guid(6ea90dacb22df6b468f368dc556a5c27) Importer(815301076,1909f56bfc062723c751e8b465ee728b)
Start importing Assets/Polygonal Mind/Assets/2108_ABMAssetPack/Prefabs/Tree01_Art.prefab using Guid(6ea90dacb22df6b468f368dc556a5c27) Importer(815301076,1909f56bfc062723c751e8b465ee728b)  -> (artifact id: '99e3de2a404965921f0df29ebb9f2cf3') in 0.024317 seconds
Number of updated asset objects reloaded before import = 0
Number of asset objects unloaded after import = 20
========================================================================
Received Import Request.
  Time since last request: 0.000025 seconds.
  path: Assets/Polygonal Mind/Assets/2108_ABMAssetPack/Prefabs/TreeBioLights01_Art.prefab
  artifactKey: Guid(79acbeeee7a85474d8e84a05a57f09c2) Importer(815301076,1909f56bfc062723c751e8b465ee728b)
Start importing Assets/Polygonal Mind/Assets/2108_ABMAssetPack/Prefabs/TreeBioLights01_Art.prefab using Guid(79acbeeee7a85474d8e84a05a57f09c2) Importer(815301076,1909f56bfc062723c751e8b465ee728b)  -> (artifact id: '1e7633c4261b606bc2485d17276a463f') in 0.018507 seconds
Number of updated asset objects reloaded before import = 0
Number of asset objects unloaded after import = 9
========================================================================
Received Import Request.
  Time since last request: 0.000018 seconds.
  path: Assets/Polygonal Mind/Assets/2108_ABMAssetPack/Prefabs/TerrainPath01_Art.prefab
  artifactKey: Guid(b9ea40fde3621c44a81bd370295cb516) Importer(815301076,1909f56bfc062723c751e8b465ee728b)
Start importing Assets/Polygonal Mind/Assets/2108_ABMAssetPack/Prefabs/TerrainPath01_Art.prefab using Guid(b9ea40fde3621c44a81bd370295cb516) Importer(815301076,1909f56bfc062723c751e8b465ee728b)  -> (artifact id: 'dfc778821b6b99c2e2c342ff0ed709bd') in 0.018384 seconds
Number of updated asset objects reloaded before import = 0
Number of asset objects unloaded after import = 10
========================================================================
Received Import Request.
  Time since last request: 0.000017 seconds.
  path: Assets/Polygonal Mind/Assets/2108_ABMAssetPack/Prefabs/VIPWall01_Art.prefab
  artifactKey: Guid(ef1d1eb727675a946b0018d1c72e7419) Importer(815301076,1909f56bfc062723c751e8b465ee728b)
Start importing Assets/Polygonal Mind/Assets/2108_ABMAssetPack/Prefabs/VIPWall01_Art.prefab using Guid(ef1d1eb727675a946b0018d1c72e7419) Importer(815301076,1909f56bfc062723c751e8b465ee728b)  -> (artifact id: 'f577dd02a5fc162fb70a704e4460470d') in 0.017488 seconds
Number of updated asset objects reloaded before import = 0
Number of asset objects unloaded after import = 10
========================================================================
Received Import Request.
  Time since last request: 0.000022 seconds.
  path: Assets/Polygonal Mind/Assets/2108_ABMAssetPack/Prefabs/Teleporter01_Art.prefab
  artifactKey: Guid(0f09ea6adbf4b0545bc01d50aa49be8a) Importer(815301076,1909f56bfc062723c751e8b465ee728b)
Start importing Assets/Polygonal Mind/Assets/2108_ABMAssetPack/Prefabs/Teleporter01_Art.prefab using Guid(0f09ea6adbf4b0545bc01d50aa49be8a) Importer(815301076,1909f56bfc062723c751e8b465ee728b)  -> (artifact id: 'c48f2641cca230eb37e4a4245265bdfd') in 0.018311 seconds
Number of updated asset objects reloaded before import = 0
Number of asset objects unloaded after import = 11
========================================================================
Received Import Request.
  Time since last request: 54.242218 seconds.
  path: Assets/Polygonal Mind/Assets/2108_ABMAssetPack/Models/SignbookArrowLeft01_Art.fbx
  artifactKey: Guid(53615ea3881e5f740868127c2231cf14) Importer(815301076,1909f56bfc062723c751e8b465ee728b)
Start importing Assets/Polygonal Mind/Assets/2108_ABMAssetPack/Models/SignbookArrowLeft01_Art.fbx using Guid(53615ea3881e5f740868127c2231cf14) Importer(815301076,1909f56bfc062723c751e8b465ee728b)  -> (artifact id: '6627a5bf0a8baa66cbead1bad5f9ae4b') in 0.020879 seconds
Number of updated asset objects reloaded before import = 0
Number of asset objects unloaded after import = 10
========================================================================
Received Import Request.
  Time since last request: 0.000019 seconds.
  path: Assets/Polygonal Mind/Assets/2108_ABMAssetPack/Models/Terrain01_Art.fbx
  artifactKey: Guid(302feec242789f048835cdda06b62f5d) Importer(815301076,1909f56bfc062723c751e8b465ee728b)
Start importing Assets/Polygonal Mind/Assets/2108_ABMAssetPack/Models/Terrain01_Art.fbx using Guid(302feec242789f048835cdda06b62f5d) Importer(815301076,1909f56bfc062723c751e8b465ee728b)  -> (artifact id: '6c53fa5cb86d6f0e2942d4df163c8660') in 0.016954 seconds
Number of updated asset objects reloaded before import = 0
Number of asset objects unloaded after import = 10
========================================================================
Received Import Request.
  Time since last request: 0.000019 seconds.
  path: Assets/Polygonal Mind/Assets/2108_ABMAssetPack/Models/SignbookButton01_Art.fbx
  artifactKey: Guid(ae40d2d337b279044aa8456a6c165bb5) Importer(815301076,1909f56bfc062723c751e8b465ee728b)
Start importing Assets/Polygonal Mind/Assets/2108_ABMAssetPack/Models/SignbookButton01_Art.fbx using Guid(ae40d2d337b279044aa8456a6c165bb5) Importer(815301076,1909f56bfc062723c751e8b465ee728b)  -> (artifact id: '68e2fd538f579b894fa18798eb06aaef') in 0.017130 seconds
Number of updated asset objects reloaded before import = 0
Number of asset objects unloaded after import = 10
========================================================================
Received Import Request.
  Time since last request: 0.000051 seconds.
  path: Assets/Polygonal Mind/Assets/2108_ABMAssetPack/Models/TerrainPath01_Art.fbx
  artifactKey: Guid(d9e5036f8de714a459e44c6e80e9e198) Importer(815301076,1909f56bfc062723c751e8b465ee728b)
Start importing Assets/Polygonal Mind/Assets/2108_ABMAssetPack/Models/TerrainPath01_Art.fbx using Guid(d9e5036f8de714a459e44c6e80e9e198) Importer(815301076,1909f56bfc062723c751e8b465ee728b)  -> (artifact id: '5b347eb2e15e801140da733cd1bd07b3') in 0.018574 seconds
Number of updated asset objects reloaded before import = 0
Number of asset objects unloaded after import = 10
========================================================================
Received Import Request.
  Time since last request: 0.000045 seconds.
  path: Assets/Polygonal Mind/Assets/2108_ABMAssetPack/Models/VIPBarrier01_Art.fbx
  artifactKey: Guid(aa060f76a7debb64fa93a0ceb2cc2b26) Importer(815301076,1909f56bfc062723c751e8b465ee728b)
Start importing Assets/Polygonal Mind/Assets/2108_ABMAssetPack/Models/VIPBarrier01_Art.fbx using Guid(aa060f76a7debb64fa93a0ceb2cc2b26) Importer(815301076,1909f56bfc062723c751e8b465ee728b)  -> (artifact id: '40c8dd3e7e01ea981fc73e6af2de16f3') in 0.016660 seconds
Number of updated asset objects reloaded before import = 0
Number of asset objects unloaded after import = 10
========================================================================
Received Import Request.
  Time since last request: 0.000026 seconds.
  path: Assets/Polygonal Mind/Assets/2108_ABMAssetPack/Models/VIPDomes01_Art.fbx
  artifactKey: Guid(9f37cb5688ba9a040b83dd6a0e91fe82) Importer(815301076,1909f56bfc062723c751e8b465ee728b)
Start importing Assets/Polygonal Mind/Assets/2108_ABMAssetPack/Models/VIPDomes01_Art.fbx using Guid(9f37cb5688ba9a040b83dd6a0e91fe82) Importer(815301076,1909f56bfc062723c751e8b465ee728b)  -> (artifact id: 'bf4693e28ec1f6506ff6de2dea20c39e') in 0.016973 seconds
Number of updated asset objects reloaded before import = 0
Number of asset objects unloaded after import = 13
========================================================================
Received Import Request.
  Time since last request: 0.000017 seconds.
  path: Assets/Polygonal Mind/Assets/2108_ABMAssetPack/Models/Sphere03_Art.fbx
  artifactKey: Guid(3af1d2df6d596c54a881181a595ea416) Importer(815301076,1909f56bfc062723c751e8b465ee728b)
Start importing Assets/Polygonal Mind/Assets/2108_ABMAssetPack/Models/Sphere03_Art.fbx using Guid(3af1d2df6d596c54a881181a595ea416) Importer(815301076,1909f56bfc062723c751e8b465ee728b)  -> (artifact id: '1d8d807be25277e5133bdda3513e0f82') in 0.015758 seconds
Number of updated asset objects reloaded before import = 0
Number of asset objects unloaded after import = 12
========================================================================
Received Import Request.
  Time since last request: 0.000018 seconds.
  path: Assets/Polygonal Mind/Assets/2108_ABMAssetPack/Models/TreeBioLights01_Art.fbx
  artifactKey: Guid(03b465add1e2db247b43de1f5f9e9656) Importer(815301076,1909f56bfc062723c751e8b465ee728b)
Start importing Assets/Polygonal Mind/Assets/2108_ABMAssetPack/Models/TreeBioLights01_Art.fbx using Guid(03b465add1e2db247b43de1f5f9e9656) Importer(815301076,1909f56bfc062723c751e8b465ee728b)  -> (artifact id: '62a6c901567eecc15abee5228eee7964') in 0.016182 seconds
Number of updated asset objects reloaded before import = 0
Number of asset objects unloaded after import = 9
========================================================================
Received Import Request.
  Time since last request: 0.000018 seconds.
  path: Assets/Polygonal Mind/Assets/2108_ABMAssetPack/Models/Tree01_Art.fbx
  artifactKey: Guid(a4c702f92ecb53a4583439503db7412d) Importer(815301076,1909f56bfc062723c751e8b465ee728b)
Start importing Assets/Polygonal Mind/Assets/2108_ABMAssetPack/Models/Tree01_Art.fbx using Guid(a4c702f92ecb53a4583439503db7412d) Importer(815301076,1909f56bfc062723c751e8b465ee728b)  -> (artifact id: 'b06623f241b4a0573ffbd388ac11f190') in 0.019611 seconds
Number of updated asset objects reloaded before import = 0
Number of asset objects unloaded after import = 20
========================================================================
Received Import Request.
  Time since last request: 0.000016 seconds.
  path: Assets/Polygonal Mind/Assets/2108_ABMAssetPack/Models/TeleporterVIP01_Art.fbx
  artifactKey: Guid(451dd27d3913dde4db7198e75c378410) Importer(815301076,1909f56bfc062723c751e8b465ee728b)
Start importing Assets/Polygonal Mind/Assets/2108_ABMAssetPack/Models/TeleporterVIP01_Art.fbx using Guid(451dd27d3913dde4db7198e75c378410) Importer(815301076,1909f56bfc062723c751e8b465ee728b)  -> (artifact id: '10eb3095fd8e3622dc70ad443b48189c') in 0.019833 seconds
Number of updated asset objects reloaded before import = 0
Number of asset objects unloaded after import = 15
========================================================================
Received Import Request.
  Time since last request: 0.000019 seconds.
  path: Assets/Polygonal Mind/Assets/2108_ABMAssetPack/Models/Teleporter01_Art.fbx
  artifactKey: Guid(208f0ceda4d511c4f8b2257eda12864c) Importer(815301076,1909f56bfc062723c751e8b465ee728b)
Start importing Assets/Polygonal Mind/Assets/2108_ABMAssetPack/Models/Teleporter01_Art.fbx using Guid(208f0ceda4d511c4f8b2257eda12864c) Importer(815301076,1909f56bfc062723c751e8b465ee728b)  -> (artifact id: '1ff40cc3a299c1a54fd5e49e33be46a5') in 0.015819 seconds
Number of updated asset objects reloaded before import = 0
Number of asset objects unloaded after import = 11
Editor requested this worker to shutdown with reason: Scaling down because of idle timeout
TcpMessagingSession - receive error: operation aborted. errorcode: 995, details: Lopration dentre/sortie a t abandonne en raison de larrt dun thread ou  la demande dune application.
AssetImportWorker is now disconnected from the server
Process exiting
Exiting without the bug reporter. Application will terminate with return code 0